[debug] [2025-03-09T17:40:15.070Z] ----------------------------------------------------------------------
[debug] [2025-03-09T17:40:15.079Z] Command:       C:\Program Files\nodejs\node.exe C:\Program Files\nodejs\node_modules\firebase-tools\lib\bin\firebase.js init hosting
[debug] [2025-03-09T17:40:15.079Z] CLI Version:   13.30.0
[debug] [2025-03-09T17:40:15.079Z] Platform:      win32
[debug] [2025-03-09T17:40:15.080Z] Node Version:  v22.11.0
[debug] [2025-03-09T17:40:15.080Z] Time:          Sun Mar 09 2025 10:40:15 GMT-0700 (Pacific Daylight Saving Time)
[debug] [2025-03-09T17:40:15.080Z] ----------------------------------------------------------------------
[debug] 
[debug] [2025-03-09T17:40:15.098Z] >>> [apiv2][query] GET https://firebase-public.firebaseio.com/cli.json [none]
[debug] [2025-03-09T17:40:15.140Z] > command requires scopes: ["email","openid","https://www.googleapis.com/auth/cloudplatformprojects.readonly","https://www.googleapis.com/auth/firebase","https://www.googleapis.com/auth/cloud-platform"]
[debug] [2025-03-09T17:40:15.140Z] > authorizing via signed-in user (charlottej3333@gmail.com)
[info] 
     ######## #### ########  ######## ########     ###     ######  ########
     ##        ##  ##     ## ##       ##     ##  ##   ##  ##       ##
     ######    ##  ########  ######   ########  #########  ######  ######
     ##        ##  ##    ##  ##       ##     ## ##     ##       ## ##
     ##       #### ##     ## ######## ########  ##     ##  ######  ########

You're about to initialize a Firebase project in this directory:

  C:\Users\charl\Documents\react\panic-attack-toolkit

[debug] [2025-03-09T17:40:15.317Z] <<< [apiv2][status] GET https://firebase-public.firebaseio.com/cli.json 200
[debug] [2025-03-09T17:40:15.317Z] <<< [apiv2][body] GET https://firebase-public.firebaseio.com/cli.json {"cloudBuildErrorAfter":1594252800000,"cloudBuildWarnAfter":1590019200000,"defaultNode10After":1594252800000,"minVersion":"3.0.5","node8DeploysDisabledAfter":1613390400000,"node8RuntimeDisabledAfter":1615809600000,"node8WarnAfter":1600128000000}
[info] 
=== Project Setup
[info] 
[info] First, let's associate this project directory with a Firebase project.
[info] You can create multiple project aliases by running firebase use --add, 
[info] but for now we'll just set up a default project.
[info] 
[debug] [2025-03-09T17:40:30.974Z] Checked if tokens are valid: false, expires at: 1739343196111
[debug] [2025-03-09T17:40:30.974Z] Checked if tokens are valid: false, expires at: 1739343196111
[debug] [2025-03-09T17:40:30.975Z] > refreshing access token with scopes: []
[debug] [2025-03-09T17:40:30.976Z] >>> [apiv2][query] POST https://www.googleapis.com/oauth2/v3/token [none]
[debug] [2025-03-09T17:40:30.976Z] >>> [apiv2][body] POST https://www.googleapis.com/oauth2/v3/token [omitted]
[debug] [2025-03-09T17:40:31.080Z] <<< [apiv2][status] POST https://www.googleapis.com/oauth2/v3/token 200
[debug] [2025-03-09T17:40:31.081Z] <<< [apiv2][body] POST https://www.googleapis.com/oauth2/v3/token [omitted]
[debug] [2025-03-09T17:40:31.113Z] >>> [apiv2][query] GET https://firebase.googleapis.com/v1beta1/projects pageSize=100
[debug] [2025-03-09T17:40:31.513Z] <<< [apiv2][status] GET https://firebase.googleapis.com/v1beta1/projects 200
[debug] [2025-03-09T17:40:31.513Z] <<< [apiv2][body] GET https://firebase.googleapis.com/v1beta1/projects [omitted]
[info] i  Using project panic-attack-toolkit (panic-attack-toolkit) 
[info] 
=== Hosting Setup
[debug] [2025-03-09T17:40:35.248Z] Checked if tokens are valid: true, expires at: 1741545630081
[debug] [2025-03-09T17:40:35.248Z] Checked if tokens are valid: true, expires at: 1741545630081
[debug] [2025-03-09T17:40:35.249Z] >>> [apiv2][query] GET https://firebase.googleapis.com/v1beta1/projects/panic-attack-toolkit [none]
[debug] [2025-03-09T17:40:35.634Z] <<< [apiv2][status] GET https://firebase.googleapis.com/v1beta1/projects/panic-attack-toolkit 200
[debug] [2025-03-09T17:40:35.635Z] <<< [apiv2][body] GET https://firebase.googleapis.com/v1beta1/projects/panic-attack-toolkit {"projectId":"panic-attack-toolkit","projectNumber":"154705286327","displayName":"panic-attack-toolkit","name":"projects/panic-attack-toolkit","resources":{"hostingSite":"panic-attack-toolkit","realtimeDatabaseInstance":"panic-attack-toolkit-default-rtdb"},"state":"ACTIVE","etag":"1_417a0f89-4b02-40f0-9cc1-2bc4664a9491"}
[info] 
[info] Your public directory is the folder (relative to your project directory) that
[info] will contain Hosting assets to be uploaded with firebase deploy. If you
[info] have a build process for your assets, use your build's output directory.
[info] 
